#
# There is insufficient memory for the Java Runtime Environment to continue.
# Native memory allocation (malloc) failed to allocate 242544 bytes. Error detail: Chunk::new
# Possible reasons:
#   The system is out of physical RAM or swap space
#   This process is running with CompressedOops enabled, and the Java Heap may be blocking the growth of the native heap
# Possible solutions:
#   Reduce memory load on the system
#   Increase physical memory or swap space
#   Check if swap backing store is full
#   Decrease Java heap size (-Xmx/-Xms)
#   Decrease number of Java threads
#   Decrease Java thread stack sizes (-Xss)
#   Set larger code cache with -XX:ReservedCodeCacheSize=
#   JVM is running with Unscaled Compressed Oops mode in which the Java heap is
#     placed in the first 4GB address space. The Java Heap base address is the
#     maximum limit for the native heap growth. Please use -XX:HeapBaseMinAddress
#     to set the Java Heap base and to place the Java Heap above 4GB virtual address.
# This output file may be truncated or incomplete.
#
#  Out of Memory Error (arena.cpp:168), pid=11380, tid=8668
#
# JRE version: OpenJDK Runtime Environment Temurin-21.0.10+7 (21.0.10+7) (build 21.0.10+7-LTS)
# Java VM: OpenJDK 64-Bit Server VM Temurin-21.0.10+7 (21.0.10+7-LTS, mixed mode, sharing, tiered, compressed oops, compressed class ptrs, parallel gc, windows-amd64)
# No core dump will be written. Minidumps are not enabled by default on client versions of Windows
#

---------------  S U M M A R Y ------------

Command Line: --add-modules=ALL-SYSTEM --add-opens=java.base/java.util=ALL-UNNAMED --add-opens=java.base/java.lang=ALL-UNNAMED --add-opens=java.base/sun.nio.fs=ALL-UNNAMED -Declipse.application=org.eclipse.jdt.ls.core.id1 -Dosgi.bundles.defaultStartLevel=4 -Declipse.product=org.eclipse.jdt.ls.core.product -Djava.import.generatesMetadataFilesAtProjectRoot=false -DDetectVMInstallationsJob.disabled=true -Dfile.encoding=utf8 -XX:+UseParallelGC -XX:GCTimeRatio=4 -XX:AdaptiveSizePolicyWeight=90 -Dsun.zip.disableMemoryMapping=true -Xmx2G -Xms100m -Xlog:disable -javaagent:c:\Users\Vivobook\.vscode\extensions\redhat.java-1.53.0-win32-x64\lombok\lombok-1.18.39-4050.jar -XX:+HeapDumpOnOutOfMemoryError -XX:HeapDumpPath=c:\Users\Vivobook\AppData\Roaming\Code\User\workspaceStorage\b8fc414499ed368776067e4d4a04867c\redhat.java -Daether.dependencyCollector.impl=bf c:\Users\Vivobook\.vscode\extensions\redhat.java-1.53.0-win32-x64\server\plugins\org.eclipse.equinox.launcher_1.7.100.v20251111-0406.jar -configuration c:\Users\Vivobook\AppData\Roaming\Code\User\globalStorage\redhat.java\1.53.0\config_win -data c:\Users\Vivobook\AppData\Roaming\Code\User\workspaceStorage\b8fc414499ed368776067e4d4a04867c\redhat.java\jdt_ws --pipe=\\.\pipe\lsp-a1d493a9a6e8a51c93065d33f9c215c0-sock

Host: Intel(R) Celeron(R) N4020 CPU @ 1.10GHz, 2 cores, 3G,  Windows 11 , 64 bit Build 26100 (10.0.26100.5074)
Time: Fri Mar 13 00:41:06 2026 Pacific Daylight Time elapsed time: 49.936204 seconds (0d 0h 0m 49s)

---------------  T H R E A D  ---------------

Current thread (0x00000286f4b07240):  JavaThread "C2 CompilerThread0" daemon [_thread_in_native, id=8668, stack(0x000000b3e4f00000,0x000000b3e5000000) (1024K)]


Current CompileTask:
C2:49936 1741   !   4       java.lang.String::<init> (880 bytes)

Stack: [0x000000b3e4f00000,0x000000b3e5000000]
Native frames: (J=compiled Java code, j=interpreted, Vv=VM code, C=native code)
V  [jvm.dll+0x6d7a39]
V  [jvm.dll+0x8b4b26]
V  [jvm.dll+0x8b70de]
V  [jvm.dll+0x8b77c3]
V  [jvm.dll+0x284346]
V  [jvm.dll+0xc66ed]
V  [jvm.dll+0xc6c31]
V  [jvm.dll+0x3bec3b]
V  [jvm.dll+0x38b162]
V  [jvm.dll+0x38a5aa]
V  [jvm.dll+0x24c560]
V  [jvm.dll+0x24bb40]
V  [jvm.dll+0x1cb34e]
V  [jvm.dll+0x25b85d]
V  [jvm.dll+0x259dea]
V  [jvm.dll+0x3f857e]
V  [jvm.dll+0x85f59d]
V  [jvm.dll+0x6d626d]
C  [ucrtbase.dll+0x37b0]
C  [KERNEL32.DLL+0x2e8d7]
C  [ntdll.dll+0x8d9c]


---------------  P R O C E S S  ---------------

Threads class SMR info:
_java_thread_list=0x00000286fcd44a30, length=12, elements={
0x00000286f2a26920, 0x00000286f4af23d0, 0x00000286f4af3990, 0x00000286f4afbff0,
0x00000286f4afca50, 0x00000286f4b03590, 0x00000286f4b06400, 0x00000286f4b07240,
0x00000286f4b72e50, 0x00000286fcc88dd0, 0x00000286fcd971c0, 0x00000286fd2f0ff0
}

Java Threads: ( => current thread )
  0x00000286f2a26920 JavaThread "main"                              [_thread_in_vm, id=15768, stack(0x000000b3e4500000,0x000000b3e4600000) (1024K)]
  0x00000286f4af23d0 JavaThread "Reference Handler"          daemon [_thread_blocked, id=2676, stack(0x000000b3e4900000,0x000000b3e4a00000) (1024K)]
  0x00000286f4af3990 JavaThread "Finalizer"                  daemon [_thread_blocked, id=15752, stack(0x000000b3e4a00000,0x000000b3e4b00000) (1024K)]
  0x00000286f4afbff0 JavaThread "Signal Dispatcher"          daemon [_thread_blocked, id=13200, stack(0x000000b3e4b00000,0x000000b3e4c00000) (1024K)]
  0x00000286f4afca50 JavaThread "Attach Listener"            daemon [_thread_blocked, id=16012, stack(0x000000b3e4c00000,0x000000b3e4d00000) (1024K)]
  0x00000286f4b03590 JavaThread "Service Thread"             daemon [_thread_blocked, id=16196, stack(0x000000b3e4d00000,0x000000b3e4e00000) (1024K)]
  0x00000286f4b06400 JavaThread "Monitor Deflation Thread"   daemon [_thread_blocked, id=7404, stack(0x000000b3e4e00000,0x000000b3e4f00000) (1024K)]
=>0x00000286f4b07240 JavaThread "C2 CompilerThread0"         daemon [_thread_in_native, id=8668, stack(0x000000b3e4f00000,0x000000b3e5000000) (1024K)]
  0x00000286f4b72e50 JavaThread "C1 CompilerThread0"         daemon [_thread_blocked, id=16092, stack(0x000000b3e5000000,0x000000b3e5100000) (1024K)]
  0x00000286fcc88dd0 JavaThread "Common-Cleaner"             daemon [_thread_blocked, id=1464, stack(0x000000b3e5100000,0x000000b3e5200000) (1024K)]
  0x00000286fcd971c0 JavaThread "Notification Thread"        daemon [_thread_blocked, id=8196, stack(0x000000b3e5200000,0x000000b3e5300000) (1024K)]
  0x00000286fd2f0ff0 JavaThread "Active Thread: Equinox Container: 40f450a8-fcfe-4f88-945d-8b04f0b9506a"        [_thread_blocked, id=15192, stack(0x000000b3e5400000,0x000000b3e5500000) (1024K)]
Total: 12

Other Threads:
  0x00000286f4ce5160 VMThread "VM Thread"                           [id=10376, stack(0x000000b3e4800000,0x000000b3e4900000) (1024K)]
  0x00000286f4accb00 WatcherThread "VM Periodic Task Thread"        [id=9684, stack(0x000000b3e4700000,0x000000b3e4800000) (1024K)]
  0x00000286f4c66c50 WorkerThread "GC Thread#0"                     [id=1576, stack(0x000000b3e4600000,0x000000b3e4700000) (1024K)]
  0x00000286fd339a80 WorkerThread "GC Thread#1"                     [id=6292, stack(0x000000b3e5300000,0x000000b3e5400000) (1024K)]
Total: 4

Threads with active compile tasks:
C2 CompilerThread0  49990 1741   !   4       java.lang.String::<init> (880 bytes)
Total: 1

VM state: not at safepoint (normal execution)

VM Mutex/Monitor currently owned by a thread: None

Heap address: 0x0000000080000000, size: 2048 MB, Compressed Oops mode: 32-bit

CDS archive(s) mapped at: [0x000002868f000000-0x000002868fba0000-0x000002868fba0000), size 12189696, SharedBaseAddress: 0x000002868f000000, ArchiveRelocationMode: 1.
Compressed class space mapped at: 0x0000028690000000-0x00000286d0000000, reserved size: 1073741824
Narrow klass base: 0x000002868f000000, Narrow klass shift: 0, Narrow klass range: 0x100000000

GC Precious Log:
 CardTable entry size: 512
 CPUs: 2 total, 2 available
 Memory: 3919M
 Large Page Support: Disabled
 NUMA Support: Disabled
 Compressed Oops: Enabled (32-bit)
 Alignments: Space 512K, Generation 512K, Heap 2M
 Heap Min Capacity: 100M
 Heap Initial Capacity: 100M
 Heap Max Capacity: 2G
 Pre-touch: Disabled
 Parallel Workers: 2

Heap:
 PSYoungGen      total 29696K, used 26129K [0x00000000d5580000, 0x00000000d7680000, 0x0000000100000000)
  eden space 25600K, 89% used [0x00000000d5580000,0x00000000d6bd25a8,0x00000000d6e80000)
  from space 4096K, 79% used [0x00000000d6e80000,0x00000000d71b1e98,0x00000000d7280000)
  to   space 4096K, 0% used [0x00000000d7280000,0x00000000d7280000,0x00000000d7680000)
 ParOldGen       total 68608K, used 0K [0x0000000080000000, 0x0000000084300000, 0x00000000d5580000)
  object space 68608K, 0% used [0x0000000080000000,0x0000000080000000,0x0000000084300000)
 Metaspace       used 7761K, committed 8000K, reserved 1114112K
  class space    used 804K, committed 896K, reserved 1048576K

Card table byte_map: [0x00000286f45e0000,0x00000286f49f0000] _byte_map_base: 0x00000286f41e0000

Marking Bits: (ParMarkBitMap*) 0x00007ffd24a53450
 Begin Bits: [0x00000286f80f0000, 0x00000286fa0f0000)
 End Bits:   [0x00000286fa0f0000, 0x00000286fc0f0000)

Polling page: 0x00000286f29d0000

Metaspace:

Usage:
  Non-class:      6.79 MB used.
      Class:    804.68 KB used.
       Both:      7.58 MB used.

Virtual space:
  Non-class space:       64.00 MB reserved,       6.94 MB ( 11%) committed,  1 nodes.
      Class space:        1.00 GB reserved,     896.00 KB ( <1%) committed,  1 nodes.
             Both:        1.06 GB reserved,       7.81 MB ( <1%) committed. 

Chunk freelists:
   Non-Class:  8.95 MB
       Class:  14.94 MB
        Both:  23.89 MB

MaxMetaspaceSize: unlimited
CompressedClassSpaceSize: 1.00 GB
Initial GC threshold: 21.00 MB
Current GC threshold: 21.00 MB
CDS: on
 - commit_granule_bytes: 65536.
 - commit_granule_words: 8192.
 - virtual_space_node_default_size: 8388608.
 - enlarge_chunks_in_place: 1.
 - use_allocation_guard: 0.


Internal statistics:

num_allocs_failed_limit: 0.
num_arena_births: 228.
num_arena_deaths: 0.
num_vsnodes_births: 2.
num_vsnodes_deaths: 0.
num_space_committed: 125.
num_space_uncommitted: 0.
num_chunks_returned_to_freelist: 0.
num_chunks_taken_from_freelist: 417.
num_chunk_merges: 0.
num_chunk_splits: 267.
num_chunks_enlarged: 173.
num_inconsistent_stats: 0.

CodeHeap 'non-profiled nmethods': size=120064Kb used=766Kb max_used=766Kb free=119297Kb
 bounds [0x0000028687ac0000, 0x0000028687d30000, 0x000002868f000000]
CodeHeap 'profiled nmethods': size=120000Kb used=3152Kb max_used=3152Kb free=116847Kb
 bounds [0x0000028680000000, 0x0000028680320000, 0x0000028687530000]
CodeHeap 'non-nmethods': size=5696Kb used=1207Kb max_used=1225Kb free=4488Kb
 bounds [0x0000028687530000, 0x00000286877a0000, 0x0000028687ac0000]
CodeCache: size=245760Kb, used=5125Kb, max_used=5143Kb, free=240632Kb
 total_blobs=2214, nmethods=1738, adapters=384, full_count=0
Compilation: enabled, stopped_count=0, restarted_count=0

Compilation events (20 events):
Event: 47.708 Thread 0x00000286f4b72e50 nmethod 1731 0x000002868030c690 code [0x000002868030c840, 0x000002868030c9f0]
Event: 47.720 Thread 0x00000286f4b72e50 1732       3       sun.security.provider.DigestBase::engineDigest (112 bytes)
Event: 47.721 Thread 0x00000286f4b72e50 nmethod 1732 0x000002868030cb10 code [0x000002868030cde0, 0x000002868030d9e8]
Event: 47.739 Thread 0x00000286f4b72e50 1733       3       sun.security.provider.ByteArrayAccess::i2bBig (33 bytes)
Event: 47.740 Thread 0x00000286f4b72e50 nmethod 1733 0x000002868030de90 code [0x000002868030e0a0, 0x000002868030e7a0]
Event: 47.769 Thread 0x00000286f4b72e50 1734       1       org.eclipse.osgi.internal.serviceregistry.ServiceRegistrationImpl::getId (5 bytes)
Event: 47.769 Thread 0x00000286f4b72e50 nmethod 1734 0x0000028687b7ed10 code [0x0000028687b7eea0, 0x0000028687b7ef68]
Event: 47.874 Thread 0x00000286f4b72e50 1735       1       org.eclipse.osgi.internal.serviceregistry.ServiceRegistrationImpl::getClasses (5 bytes)
Event: 47.874 Thread 0x00000286f4b72e50 nmethod 1735 0x0000028687b7f010 code [0x0000028687b7f1a0, 0x0000028687b7f268]
Event: 47.891 Thread 0x00000286f4b72e50 1736       3       java.lang.ClassLoader::getParent (32 bytes)
Event: 47.891 Thread 0x00000286f4b72e50 nmethod 1736 0x000002868030eb10 code [0x000002868030ecc0, 0x000002868030ef18]
Event: 48.140 Thread 0x00000286f4b07240 1737       4       jdk.internal.util.ArraysSupport::mismatch (103 bytes)
Event: 48.145 Thread 0x00000286f4b07240 nmethod 1737 0x0000028687b7f310 code [0x0000028687b7f4a0, 0x0000028687b7f6d8]
Event: 48.171 Thread 0x00000286f4b72e50 1738   !   3       sun.security.util.ManifestEntryVerifier::setEntry (298 bytes)
Event: 48.175 Thread 0x00000286f4b72e50 nmethod 1738 0x000002868030f010 code [0x000002868030f5e0, 0x00000286803125d0]
Event: 48.218 Thread 0x00000286f4b72e50 1739       3       java.util.ArrayList::indexOf (11 bytes)
Event: 48.219 Thread 0x00000286f4b72e50 nmethod 1739 0x0000028680313810 code [0x00000286803139c0, 0x0000028680313b20]
Event: 48.471 Thread 0x00000286f4b72e50 1740       3       java.lang.String::encode (48 bytes)
Event: 48.472 Thread 0x00000286f4b72e50 nmethod 1740 0x0000028680313c10 code [0x0000028680313e20, 0x0000028680314168]
Event: 49.892 Thread 0x00000286f4b07240 1741   !   4       java.lang.String::<init> (880 bytes)

GC Heap History (2 events):
Event: 23.796 GC heap before
{Heap before GC invocations=1 (full 0):
 PSYoungGen      total 29696K, used 25600K [0x00000000d5580000, 0x00000000d7680000, 0x0000000100000000)
  eden space 25600K, 100% used [0x00000000d5580000,0x00000000d6e80000,0x00000000d6e80000)
  from space 4096K, 0% used [0x00000000d7280000,0x00000000d7280000,0x00000000d7680000)
  to   space 4096K, 0% used [0x00000000d6e80000,0x00000000d6e80000,0x00000000d7280000)
 ParOldGen       total 68608K, used 0K [0x0000000080000000, 0x0000000084300000, 0x00000000d5580000)
  object space 68608K, 0% used [0x0000000080000000,0x0000000080000000,0x0000000084300000)
 Metaspace       used 4395K, committed 4608K, reserved 1114112K
  class space    used 475K, committed 576K, reserved 1048576K
}
Event: 23.884 GC heap after
{Heap after GC invocations=1 (full 0):
 PSYoungGen      total 29696K, used 3271K [0x00000000d5580000, 0x00000000d7680000, 0x0000000100000000)
  eden space 25600K, 0% used [0x00000000d5580000,0x00000000d5580000,0x00000000d6e80000)
  from space 4096K, 79% used [0x00000000d6e80000,0x00000000d71b1e98,0x00000000d7280000)
  to   space 4096K, 0% used [0x00000000d7280000,0x00000000d7280000,0x00000000d7680000)
 ParOldGen       total 68608K, used 0K [0x0000000080000000, 0x0000000084300000, 0x00000000d5580000)
  object space 68608K, 0% used [0x0000000080000000,0x0000000080000000,0x0000000084300000)
 Metaspace       used 4395K, committed 4608K, reserved 1114112K
  class space    used 475K, committed 576K, reserved 1048576K
}

Dll operation events (8 events):
Event: 0.068 Loaded shared library c:\Users\Vivobook\.vscode\extensions\redhat.java-1.53.0-win32-x64\jre\21.0.10-win32-x86_64\bin\java.dll
Event: 3.616 Loaded shared library c:\Users\Vivobook\.vscode\extensions\redhat.java-1.53.0-win32-x64\jre\21.0.10-win32-x86_64\bin\zip.dll
Event: 4.693 Loaded shared library C:\Users\Vivobook\.vscode\extensions\redhat.java-1.53.0-win32-x64\jre\21.0.10-win32-x86_64\bin\instrument.dll
Event: 4.720 Loaded shared library C:\Users\Vivobook\.vscode\extensions\redhat.java-1.53.0-win32-x64\jre\21.0.10-win32-x86_64\bin\net.dll
Event: 4.842 Loaded shared library C:\Users\Vivobook\.vscode\extensions\redhat.java-1.53.0-win32-x64\jre\21.0.10-win32-x86_64\bin\nio.dll
Event: 4.849 Loaded shared library C:\Users\Vivobook\.vscode\extensions\redhat.java-1.53.0-win32-x64\jre\21.0.10-win32-x86_64\bin\zip.dll
Event: 5.066 Loaded shared library C:\Users\Vivobook\.vscode\extensions\redhat.java-1.53.0-win32-x64\jre\21.0.10-win32-x86_64\bin\jimage.dll
Event: 8.005 Loaded shared library c:\Users\Vivobook\.vscode\extensions\redhat.java-1.53.0-win32-x64\jre\21.0.10-win32-x86_64\bin\verify.dll

Deoptimization events (20 events):
Event: 36.432 Thread 0x00000286f2a26920 DEOPT PACKING pc=0x0000028687af90dc sp=0x000000b3e45f8970
Event: 36.432 Thread 0x00000286f2a26920 DEOPT UNPACKING pc=0x0000028687583a9c sp=0x000000b3e45f8920 mode 2
Event: 43.124 Thread 0x00000286f2a26920 DEOPT PACKING pc=0x00000286801406b9 sp=0x000000b3e45fe120
Event: 43.124 Thread 0x00000286f2a26920 DEOPT UNPACKING pc=0x0000028687584223 sp=0x000000b3e45fd620 mode 0
Event: 43.591 Thread 0x00000286f2a26920 Uncommon trap: trap_request=0xffffff45 fr.pc=0x0000028687b4544c relative=0x00000000000000ac
Event: 43.591 Thread 0x00000286f2a26920 Uncommon trap: reason=unstable_if action=reinterpret pc=0x0000028687b4544c method=java.util.concurrent.locks.ReentrantLock$NonfairSync.initialTryLock()Z @ 10 c2
Event: 43.591 Thread 0x00000286f2a26920 DEOPT PACKING pc=0x0000028687b4544c sp=0x000000b3e45fece0
Event: 43.591 Thread 0x00000286f2a26920 DEOPT UNPACKING pc=0x0000028687583a9c sp=0x000000b3e45fec70 mode 2
Event: 43.772 Thread 0x00000286f2a26920 Uncommon trap: trap_request=0xffffff45 fr.pc=0x0000028687b45734 relative=0x0000000000000094
Event: 43.772 Thread 0x00000286f2a26920 Uncommon trap: reason=unstable_if action=reinterpret pc=0x0000028687b45734 method=java.util.concurrent.locks.ReentrantLock$Sync.tryRelease(I)Z @ 26 c2
Event: 43.772 Thread 0x00000286f2a26920 DEOPT PACKING pc=0x0000028687b45734 sp=0x000000b3e45fedb0
Event: 43.772 Thread 0x00000286f2a26920 DEOPT UNPACKING pc=0x0000028687583a9c sp=0x000000b3e45fed30 mode 2
Event: 46.472 Thread 0x00000286f2a26920 Uncommon trap: trap_request=0xffffffde fr.pc=0x0000028687b2d284 relative=0x0000000000000a24
Event: 46.472 Thread 0x00000286f2a26920 Uncommon trap: reason=class_check action=maybe_recompile pc=0x0000028687b2d284 method=java.util.HashMap.putVal(ILjava/lang/Object;Ljava/lang/Object;ZZ)Ljava/lang/Object; @ 253 c2
Event: 46.472 Thread 0x00000286f2a26920 DEOPT PACKING pc=0x0000028687b2d284 sp=0x000000b3e45fe6a0
Event: 46.473 Thread 0x00000286f2a26920 DEOPT UNPACKING pc=0x0000028687583a9c sp=0x000000b3e45fe630 mode 2
Event: 46.574 Thread 0x00000286f2a26920 Uncommon trap: trap_request=0xffffffde fr.pc=0x0000028687b2d284 relative=0x0000000000000a24
Event: 46.574 Thread 0x00000286f2a26920 Uncommon trap: reason=class_check action=maybe_recompile pc=0x0000028687b2d284 method=java.util.HashMap.putVal(ILjava/lang/Object;Ljava/lang/Object;ZZ)Ljava/lang/Object; @ 253 c2
Event: 46.574 Thread 0x00000286f2a26920 DEOPT PACKING pc=0x0000028687b2d284 sp=0x000000b3e45fe6a0
Event: 46.574 Thread 0x00000286f2a26920 DEOPT UNPACKING pc=0x0000028687583a9c sp=0x000000b3e45fe630 mode 2

Classes loaded (20 events):
Event: 45.471 Loading class java/net/ContentHandlerFactory
Event: 45.471 Loading class java/net/ContentHandlerFactory done
Event: 46.573 Loading class java/util/ConcurrentModificationException
Event: 46.574 Loading class java/util/ConcurrentModificationException done
Event: 46.792 Loading class java/util/LinkedList
Event: 46.802 Loading class java/util/AbstractSequentialList
Event: 46.802 Loading class java/util/AbstractSequentialList done
Event: 46.802 Loading class java/util/LinkedList done
Event: 46.876 Loading class java/net/ContentHandler
Event: 46.876 Loading class java/net/ContentHandler done
Event: 46.884 Loading class java/net/UrlDeserializedState
Event: 46.884 Loading class java/net/UrlDeserializedState done
Event: 46.885 Loading class java/lang/reflect/InaccessibleObjectException
Event: 46.886 Loading class java/lang/reflect/InaccessibleObjectException done
Event: 47.123 Loading class java/lang/StackWalker$Option
Event: 47.140 Loading class java/lang/StackWalker$Option done
Event: 47.873 Loading class javax/xml/parsers/ParserConfigurationException
Event: 47.873 Loading class javax/xml/parsers/ParserConfigurationException done
Event: 48.191 Loading class java/security/KeyStoreException
Event: 48.216 Loading class java/security/KeyStoreException done

Classes unloaded (0 events):
No events

Classes redefined (0 events):
No events

Internal exceptions (20 events):
Event: 16.183 Thread 0x00000286f2a26920 Exception <a 'java/lang/NoSuchMethodError'{0x00000000d65f85f8}: 'java.lang.Object java.lang.invoke.DirectMethodHandle$Holder.invokeInterface(java.lang.Object, java.lang.Object, int)'> (0x00000000d65f85f8) 
thrown [s\src\hotspot\share\interpreter\linkResolver.cpp, line 773]
Event: 20.905 Thread 0x00000286f2a26920 Exception <a 'java/lang/NoSuchMethodError'{0x00000000d6a5f148}: 'java.lang.ClassLoader java.lang.ClassLoader.getPlatformClassLoader(java.lang.Class)'> (0x00000000d6a5f148) 
thrown [s\src\hotspot\share\interpreter\linkResolver.cpp, line 773]
Event: 23.795 Thread 0x00000286f2a26920 Exception <a 'java/lang/ClassNotFoundException'{0x00000000d6e7dd70}: sun/net/www/protocol/c/Handler> (0x00000000d6e7dd70) 
thrown [s\src\hotspot\share\classfile\systemDictionary.cpp, line 312]
Event: 23.795 Thread 0x00000286f2a26920 Exception <a 'java/lang/ClassNotFoundException'{0x00000000d6e7f100}: sun/net/www/protocol/c/Handler> (0x00000000d6e7f100) 
thrown [s\src\hotspot\share\classfile\systemDictionary.cpp, line 312]
Event: 23.884 Thread 0x00000286f2a26920 Exception <a 'java/lang/ClassNotFoundException'{0x00000000d5580530}: sun/net/www/protocol/c/Handler> (0x00000000d5580530) 
thrown [s\src\hotspot\share\classfile\systemDictionary.cpp, line 312]
Event: 23.896 Thread 0x00000286f2a26920 Exception <a 'java/io/FileNotFoundException'{0x00000000d55b2378}> (0x00000000d55b2378) 
thrown [s\src\hotspot\share\prims\jni.cpp, line 520]
Event: 24.237 Thread 0x00000286f2a26920 Implicit null exception at 0x0000028687b1c2c9 to 0x0000028687b1cc3c
Event: 24.238 Thread 0x00000286f2a26920 Implicit null exception at 0x0000028687b2de9a to 0x0000028687b2e0a0
Event: 24.238 Thread 0x00000286f2a26920 Exception <a 'java/lang/NoSuchMethodError'{0x00000000d56e39d0}: 'void java.lang.invoke.DirectMethodHandle$Holder.invokeStatic(java.lang.Object, java.lang.Object, java.lang.Object, java.lang.Object)'> (0x00000000d56e39d0) 
thrown [s\src\hotspot\share\interpreter\linkResolver.cpp, line 773]
Event: 24.280 Thread 0x00000286f2a26920 Implicit null exception at 0x0000028687b1d73c to 0x0000028687b1d9c8
Event: 24.280 Thread 0x00000286f2a26920 Implicit null exception at 0x0000028687b1debd to 0x0000028687b1df41
Event: 29.017 Thread 0x00000286f2a26920 Exception <a 'java/lang/NoSuchMethodError'{0x00000000d59cf260}: 'void java.lang.invoke.DirectMethodHandle$Holder.invokeSpecial(java.lang.Object, java.lang.Object, java.lang.Object)'> (0x00000000d59cf260) 
thrown [s\src\hotspot\share\interpreter\linkResolver.cpp, line 773]
Event: 41.712 Thread 0x00000286f2a26920 Exception <a 'java/lang/NoSuchMethodError'{0x00000000d645bf58}: 'int java.lang.invoke.DirectMethodHandle$Holder.invokeVirtual(java.lang.Object, java.lang.Object)'> (0x00000000d645bf58) 
thrown [s\src\hotspot\share\interpreter\linkResolver.cpp, line 773]
Event: 44.404 Thread 0x00000286f2a26920 Exception <a 'java/lang/NoSuchMethodError'{0x00000000d65de618}: 'int java.lang.invoke.DirectMethodHandle$Holder.invokeStaticInit(java.lang.Object, java.lang.Object, java.lang.Object, java.lang.Object)'> (0x00000000d65de618) 
thrown [s\src\hotspot\share\interpreter\linkResolver.cpp, line 773]
Event: 44.420 Thread 0x00000286f2a26920 Exception <a 'java/lang/IncompatibleClassChangeError'{0x00000000d65e6a20}: Found class java.lang.Object, but interface was expected> (0x00000000d65e6a20) 
thrown [s\src\hotspot\share\interpreter\linkResolver.cpp, line 840]
Event: 44.486 Thread 0x00000286f2a26920 Exception <a 'java/lang/NoSuchMethodError'{0x00000000d65ecfd0}: 'void java.lang.invoke.DirectMethodHandle$Holder.invokeStaticInit(java.lang.Object, java.lang.Object)'> (0x00000000d65ecfd0) 
thrown [s\src\hotspot\share\interpreter\linkResolver.cpp, line 773]
Event: 44.540 Thread 0x00000286f2a26920 Exception <a 'java/lang/NoSuchMethodError'{0x00000000d65f6208}: 'int java.lang.invoke.DirectMethodHandle$Holder.invokeStaticInit(java.lang.Object, java.lang.Object)'> (0x00000000d65f6208) 
thrown [s\src\hotspot\share\interpreter\linkResolver.cpp, line 773]
Event: 45.486 Thread 0x00000286f2a26920 Exception <a 'java/lang/NoSuchMethodError'{0x00000000d683ee78}: 'java.lang.Object java.lang.invoke.DirectMethodHandle$Holder.newInvokeSpecial(java.lang.Object, int, java.lang.Object)'> (0x00000000d683ee78) 
thrown [s\src\hotspot\share\interpreter\linkResolver.cpp, line 773]
Event: 47.164 Thread 0x00000286f2a26920 Exception <a 'java/lang/ClassNotFoundException'{0x00000000d6a5b4e8}: sun/net/www/protocol/plurl/Handler> (0x00000000d6a5b4e8) 
thrown [s\src\hotspot\share\classfile\systemDictionary.cpp, line 312]
Event: 47.165 Thread 0x00000286f2a26920 Exception <a 'java/lang/ClassNotFoundException'{0x00000000d6a5c368}: sun/net/www/protocol/plurl/Handler> (0x00000000d6a5c368) 
thrown [s\src\hotspot\share\classfile\systemDictionary.cpp, line 312]

ZGC Phase Switch (0 events):
No events

VM Operations (20 events):
Event: 41.582 Executing safepoint VM operation: Cleanup
Event: 41.629 Executing safepoint VM operation: Cleanup done
Event: 42.638 Executing safepoint VM operation: Cleanup
Event: 42.716 Executing safepoint VM operation: Cleanup done
Event: 43.727 Executing safepoint VM operation: Cleanup
Event: 43.744 Executing safepoint VM operation: Cleanup done
Event: 44.754 Executing safepoint VM operation: Cleanup
Event: 44.801 Executing safepoint VM operation: Cleanup done
Event: 45.102 Executing non-safepoint VM operation: HandshakeAllThreads (Deoptimize)
Event: 45.276 Executing non-safepoint VM operation: HandshakeAllThreads (Deoptimize) done
Event: 45.421 Executing non-safepoint VM operation: HandshakeAllThreads (Deoptimize)
Event: 45.466 Executing non-safepoint VM operation: HandshakeAllThreads (Deoptimize) done
Event: 46.477 Executing safepoint VM operation: Cleanup
Event: 46.571 Executing safepoint VM operation: Cleanup done
Event: 46.803 Executing non-safepoint VM operation: HandshakeAllThreads (Deoptimize)
Event: 46.803 Executing non-safepoint VM operation: HandshakeAllThreads (Deoptimize) done
Event: 46.891 Executing non-safepoint VM operation: HandshakeAllThreads (Deoptimize)
Event: 46.891 Executing non-safepoint VM operation: HandshakeAllThreads (Deoptimize) done
Event: 47.895 Executing safepoint VM operation: Cleanup
Event: 48.136 Executing safepoint VM operation: Cleanup done

Memory protections (0 events):
No events

Nmethod flushes (0 events):
No events

Events (12 events):
Event: 0.233 Thread 0x00000286f2a26920 Thread added: 0x00000286f2a26920
Event: 0.453 Thread 0x00000286f2a26920 Thread added: 0x00000286f4af23d0
Event: 0.454 Thread 0x00000286f2a26920 Thread added: 0x00000286f4af3990
Event: 0.454 Thread 0x00000286f2a26920 Thread added: 0x00000286f4afbff0
Event: 0.455 Thread 0x00000286f2a26920 Thread added: 0x00000286f4afca50
Event: 0.560 Thread 0x00000286f2a26920 Thread added: 0x00000286f4b03590
Event: 0.560 Thread 0x00000286f2a26920 Thread added: 0x00000286f4b06400
Event: 0.560 Thread 0x00000286f2a26920 Thread added: 0x00000286f4b07240
Event: 0.626 Thread 0x00000286f2a26920 Thread added: 0x00000286f4b72e50
Event: 4.704 Thread 0x00000286f2a26920 Thread added: 0x00000286fcc88dd0
Event: 9.704 Thread 0x00000286f2a26920 Thread added: 0x00000286fcd971c0
Event: 45.051 Thread 0x00000286f2a26920 Thread added: 0x00000286fd2f0ff0


Dynamic libraries:
0x00007ff7c9770000 - 0x00007ff7c977e000 	c:\Users\Vivobook\.vscode\extensions\redhat.java-1.53.0-win32-x64\jre\21.0.10-win32-x86_64\bin\java.exe
0x00007ffda3c20000 - 0x00007ffda3e89000 	C:\WINDOWS\SYSTEM32\ntdll.dll
0x00007ffda2860000 - 0x00007ffda2929000 	C:\WINDOWS\System32\KERNEL32.DLL
0x00007ffda0ee0000 - 0x00007ffda12d3000 	C:\WINDOWS\System32\KERNELBASE.dll
0x00007ffd9dc20000 - 0x00007ffd9dcbe000 	C:\WINDOWS\SYSTEM32\apphelp.dll
0x00007ffda1720000 - 0x00007ffda186b000 	C:\WINDOWS\System32\ucrtbase.dll
0x00007ffd847f0000 - 0x00007ffd84808000 	c:\Users\Vivobook\.vscode\extensions\redhat.java-1.53.0-win32-x64\jre\21.0.10-win32-x86_64\bin\jli.dll
0x00007ffda23b0000 - 0x00007ffda2574000 	C:\WINDOWS\System32\USER32.dll
0x00007ffda1370000 - 0x00007ffda1397000 	C:\WINDOWS\System32\win32u.dll
0x00007ffda1df0000 - 0x00007ffda1e1b000 	C:\WINDOWS\System32\GDI32.dll
0x00007ffda0db0000 - 0x00007ffda0edd000 	C:\WINDOWS\System32\gdi32full.dll
0x00007ffda1510000 - 0x00007ffda15b3000 	C:\WINDOWS\System32\msvcp_win.dll
0x00007ffd87ad0000 - 0x00007ffd87aee000 	c:\Users\Vivobook\.vscode\extensions\redhat.java-1.53.0-win32-x64\jre\21.0.10-win32-x86_64\bin\VCRUNTIME140.dll
0x00007ffd8b610000 - 0x00007ffd8b8a3000 	C:\WINDOWS\WinSxS\amd64_microsoft.windows.common-controls_6595b64144ccf1df_6.0.26100.5074_none_3e0d6f78e32fd63f\COMCTL32.dll
0x00007ffda2580000 - 0x00007ffda2629000 	C:\WINDOWS\System32\msvcrt.dll
0x00007ffda2660000 - 0x00007ffda268f000 	C:\WINDOWS\System32\IMM32.DLL
0x00007ffd92970000 - 0x00007ffd9297c000 	c:\Users\Vivobook\.vscode\extensions\redhat.java-1.53.0-win32-x64\jre\21.0.10-win32-x86_64\bin\vcruntime140_1.dll
0x00007ffd6af50000 - 0x00007ffd6afdd000 	c:\Users\Vivobook\.vscode\extensions\redhat.java-1.53.0-win32-x64\jre\21.0.10-win32-x86_64\bin\msvcp140.dll
0x00007ffd23d90000 - 0x00007ffd24b31000 	c:\Users\Vivobook\.vscode\extensions\redhat.java-1.53.0-win32-x64\jre\21.0.10-win32-x86_64\bin\server\jvm.dll
0x00007ffda2db0000 - 0x00007ffda2e64000 	C:\WINDOWS\System32\ADVAPI32.dll
0x00007ffda2930000 - 0x00007ffda29d6000 	C:\WINDOWS\System32\sechost.dll
0x00007ffda2c10000 - 0x00007ffda2d28000 	C:\WINDOWS\System32\RPCRT4.dll
0x00007ffda35c0000 - 0x00007ffda3634000 	C:\WINDOWS\System32\WS2_32.dll
0x00007ffda0c10000 - 0x00007ffda0c6e000 	C:\WINDOWS\SYSTEM32\POWRPROF.dll
0x00007ffd892a0000 - 0x00007ffd892d5000 	C:\WINDOWS\SYSTEM32\WINMM.dll
0x00007ffd928f0000 - 0x00007ffd928fb000 	C:\WINDOWS\SYSTEM32\VERSION.dll
0x00007ffda0bf0000 - 0x00007ffda0c04000 	C:\WINDOWS\SYSTEM32\UMPDC.dll
0x00007ffd9fb90000 - 0x00007ffd9fbab000 	C:\WINDOWS\SYSTEM32\kernel.appcore.dll
0x00007ffd8c290000 - 0x00007ffd8c29a000 	c:\Users\Vivobook\.vscode\extensions\redhat.java-1.53.0-win32-x64\jre\21.0.10-win32-x86_64\bin\jimage.dll
0x00007ffd9e700000 - 0x00007ffd9e942000 	C:\WINDOWS\SYSTEM32\DBGHELP.DLL
0x00007ffda19f0000 - 0x00007ffda1d6b000 	C:\WINDOWS\System32\combase.dll
0x00007ffda29e0000 - 0x00007ffda2ab7000 	C:\WINDOWS\System32\OLEAUT32.dll
0x00007ffd87690000 - 0x00007ffd876cd000 	C:\WINDOWS\SYSTEM32\dbgcore.DLL
0x00007ffda1680000 - 0x00007ffda1719000 	C:\WINDOWS\System32\bcryptPrimitives.dll
0x00007ffd8da80000 - 0x00007ffd8da8f000 	c:\Users\Vivobook\.vscode\extensions\redhat.java-1.53.0-win32-x64\jre\21.0.10-win32-x86_64\bin\instrument.dll
0x00007ffd82f40000 - 0x00007ffd82f60000 	c:\Users\Vivobook\.vscode\extensions\redhat.java-1.53.0-win32-x64\jre\21.0.10-win32-x86_64\bin\java.dll
0x00007ffda2e70000 - 0x00007ffda35bd000 	C:\WINDOWS\System32\SHELL32.dll
0x00007ffda13a0000 - 0x00007ffda150c000 	C:\WINDOWS\System32\wintypes.dll
0x00007ffd9ea50000 - 0x00007ffd9f2a9000 	C:\WINDOWS\SYSTEM32\windows.storage.dll
0x00007ffda3ad0000 - 0x00007ffda3bc0000 	C:\WINDOWS\System32\SHCORE.dll
0x00007ffda1d80000 - 0x00007ffda1de2000 	C:\WINDOWS\System32\shlwapi.dll
0x00007ffda0cd0000 - 0x00007ffda0cf9000 	C:\WINDOWS\SYSTEM32\profapi.dll
0x00007ffd7e1e0000 - 0x00007ffd7e1f8000 	c:\Users\Vivobook\.vscode\extensions\redhat.java-1.53.0-win32-x64\jre\21.0.10-win32-x86_64\bin\zip.dll
0x00007ffd8c260000 - 0x00007ffd8c270000 	C:\Users\Vivobook\.vscode\extensions\redhat.java-1.53.0-win32-x64\jre\21.0.10-win32-x86_64\bin\net.dll
0x00007ffd926e0000 - 0x00007ffd927ff000 	C:\WINDOWS\SYSTEM32\WINHTTP.dll
0x00007ffda0110000 - 0x00007ffda017b000 	C:\WINDOWS\system32\mswsock.dll
0x00007ffd7b5e0000 - 0x00007ffd7b5f6000 	C:\Users\Vivobook\.vscode\extensions\redhat.java-1.53.0-win32-x64\jre\21.0.10-win32-x86_64\bin\nio.dll
0x00007ffd8c2e0000 - 0x00007ffd8c2f0000 	c:\Users\Vivobook\.vscode\extensions\redhat.java-1.53.0-win32-x64\jre\21.0.10-win32-x86_64\bin\verify.dll

JVMTI agents:
c:\Users\Vivobook\.vscode\extensions\redhat.java-1.53.0-win32-x64\lombok\lombok-1.18.39-4050.jar path:c:\Users\Vivobook\.vscode\extensions\redhat.java-1.53.0-win32-x64\jre\21.0.10-win32-x86_64\bin\instrument.dll, loaded, initialized, instrumentlib options:none

dbghelp: loaded successfully - version: 4.0.5 - missing functions: none
symbol engine: initialized successfully - sym options: 0x614 - pdb path: .;c:\Users\Vivobook\.vscode\extensions\redhat.java-1.53.0-win32-x64\jre\21.0.10-win32-x86_64\bin;C:\WINDOWS\SYSTEM32;C:\WINDOWS\WinSxS\amd64_microsoft.windows.common-controls_6595b64144ccf1df_6.0.26100.5074_none_3e0d6f78e32fd63f;c:\Users\Vivobook\.vscode\extensions\redhat.java-1.53.0-win32-x64\jre\21.0.10-win32-x86_64\bin\server

VM Arguments:
jvm_args: --add-modules=ALL-SYSTEM --add-opens=java.base/java.util=ALL-UNNAMED --add-opens=java.base/java.lang=ALL-UNNAMED --add-opens=java.base/sun.nio.fs=ALL-UNNAMED -Declipse.application=org.eclipse.jdt.ls.core.id1 -Dosgi.bundles.defaultStartLevel=4 -Declipse.product=org.eclipse.jdt.ls.core.product -Djava.import.generatesMetadataFilesAtProjectRoot=false -DDetectVMInstallationsJob.disabled=true -Dfile.encoding=utf8 -XX:+UseParallelGC -XX:GCTimeRatio=4 -XX:AdaptiveSizePolicyWeight=90 -Dsun.zip.disableMemoryMapping=true -Xmx2G -Xms100m -Xlog:disable -javaagent:c:\Users\Vivobook\.vscode\extensions\redhat.java-1.53.0-win32-x64\lombok\lombok-1.18.39-4050.jar -XX:+HeapDumpOnOutOfMemoryError -XX:HeapDumpPath=c:\Users\Vivobook\AppData\Roaming\Code\User\workspaceStorage\b8fc414499ed368776067e4d4a04867c\redhat.java -Daether.dependencyCollector.impl=bf 
java_command: c:\Users\Vivobook\.vscode\extensions\redhat.java-1.53.0-win32-x64\server\plugins\org.eclipse.equinox.launcher_1.7.100.v20251111-0406.jar -configuration c:\Users\Vivobook\AppData\Roaming\Code\User\globalStorage\redhat.java\1.53.0\config_win -data c:\Users\Vivobook\AppData\Roaming\Code\User\workspaceStorage\b8fc414499ed368776067e4d4a04867c\redhat.java\jdt_ws --pipe=\\.\pipe\lsp-a1d493a9a6e8a51c93065d33f9c215c0-sock
java_class_path (initial): c:\Users\Vivobook\.vscode\extensions\redhat.java-1.53.0-win32-x64\server\plugins\org.eclipse.equinox.launcher_1.7.100.v20251111-0406.jar
Launcher Type: SUN_STANDARD

[Global flags]
    uintx AdaptiveSizePolicyWeight                 = 90                                        {product} {command line}
     intx CICompilerCount                          = 2                                         {product} {ergonomic}
    uintx GCTimeRatio                              = 4                                         {product} {command line}
     bool HeapDumpOnOutOfMemoryError               = true                                   {manageable} {command line}
    ccstr HeapDumpPath                             = c:\Users\Vivobook\AppData\Roaming\Code\User\workspaceStorage\b8fc414499ed368776067e4d4a04867c\redhat.java         {manageable} {command line}
   size_t InitialHeapSize                          = 104857600                                 {product} {command line}
   size_t MaxHeapSize                              = 2147483648                                {product} {command line}
   size_t MaxNewSize                               = 715653120                                 {product} {ergonomic}
   size_t MinHeapDeltaBytes                        = 524288                                    {product} {ergonomic}
   size_t MinHeapSize                              = 104857600                                 {product} {command line}
   size_t NewSize                                  = 34603008                                  {product} {ergonomic}
    uintx NonNMethodCodeHeapSize                   = 5826188                                {pd product} {ergonomic}
    uintx NonProfiledCodeHeapSize                  = 122916026                              {pd product} {ergonomic}
   size_t OldSize                                  = 70254592                                  {product} {ergonomic}
    uintx ProfiledCodeHeapSize                     = 122916026                              {pd product} {ergonomic}
    uintx ReservedCodeCacheSize                    = 251658240                              {pd product} {ergonomic}
     bool SegmentedCodeCache                       = true                                      {product} {ergonomic}
   size_t SoftMaxHeapSize                          = 2147483648                             {manageable} {ergonomic}
     bool UseCompressedOops                        = true                           {product lp64_product} {ergonomic}
     bool UseLargePagesIndividualAllocation        = false                                  {pd product} {ergonomic}
     bool UseParallelGC                            = true                                      {product} {command line}

Logging:
Log output configuration:
 #0: stdout all=off uptime,level,tags foldmultilines=false
 #1: stderr all=off uptime,level,tags foldmultilines=false

Release file:
JAVA_VERSION="21.0.10" 
MODULES="java.base java.compiler java.datatransfer java.xml java.prefs java.desktop java.instrument java.logging java.management java.security.sasl java.naming java.rmi java.management.rmi java.net.http java.scripting java.security.jgss java.transaction.xa java.sql java.sql.rowset java.xml.crypto java.se java.smartcardio jdk.accessibility jdk.internal.jvmstat jdk.attach jdk.charsets jdk.internal.opt jdk.zipfs jdk.compiler jdk.crypto.ec jdk.crypto.cryptoki jdk.crypto.mscapi jdk.dynalink jdk.internal.ed jdk.editpad jdk.hotspot.agent jdk.httpserver jdk.internal.le jdk.internal.vm.ci jdk.internal.vm.compiler jdk.internal.vm.compiler.management jdk.jartool jdk.javadoc jdk.jcmd jdk.management jdk.management.agent jdk.jconsole jdk.jdeps jdk.jdwp.agent jdk.jdi jdk.jfr jdk.jshell jdk.jsobject jdk.jstatd jdk.localedata jdk.management.jfr jdk.naming.dns jdk.naming.rmi jdk.net jdk.nio.mapmode jdk.random jdk.sctp jdk.security.auth jdk.security.jgss jdk.unsupported jdk.unsupported.desktop jdk.xml.dom" 

Environment Variables:
PATH=C:\Users\Vivobook\AppData\Local\Programs\Microsoft VS Code;C:\Program Files\Common Files\Oracle\Java\javapath;C:\Program Files (x86)\VMware\VMware Workstation\bin\;C:\WINDOWS\system32;C:\WINDOWS;C:\WINDOWS\System32\Wbem;C:\WINDOWS\System32\WindowsPowerShell\v1.0\;C:\WINDOWS\System32\OpenSSH\;C:\Program Files\dotnet\;C:\Users\Vivobook\AppData\Local\Programs\Python\Python312\Scripts\;C:\Users\Vivobook\AppData\Local\Programs\Python\Python312\;C:\Users\Vivobook\AppData\Local\Programs\Python\Launcher\;C:\Users\Vivobook\AppData\Local\Microsoft\WindowsApps;C:\Users\Vivobook\AppData\Local\Programs\Microsoft VS Code\bin;C:\Users\Vivobook\Documents\Downloads\flutter_windows_3.38.9-stable\flutter\bin;
USERNAME=Vivobook
OS=Windows_NT
PROCESSOR_IDENTIFIER=Intel64 Family 6 Model 122 Stepping 8, GenuineIntel
TMP=C:\Users\Vivobook\AppData\Local\Temp
TEMP=C:\Users\Vivobook\AppData\Local\Temp




Periodic native trim disabled

---------------  S Y S T E M  ---------------

OS:
 Windows 11 , 64 bit Build 26100 (10.0.26100.5074)
OS uptime: 0 days 6:20 hours

CPU: total 2 (initial active 2) (2 cores per cpu, 1 threads per core) family 6 model 122 stepping 8 microcode 0x18, cx8, cmov, fxsr, mmx, 3dnowpref, sse, sse2, sse3, ssse3, sse4.1, sse4.2, popcnt, tsc, tscinvbit, aes, erms, clmul, sha, clflush, clflushopt, rdtscp, rdpid
Processor Information for the first 2 processors :
  Max Mhz: 1101, Current Mhz: 1101, Mhz Limit: 1101

Memory: 4k page, system-wide physical 3919M (294M free)
TotalPageFile size 14984M (AvailPageFile size 4M)
current process WorkingSet (physical memory assigned to process): 52M, peak: 67M
current process commit charge ("private bytes"): 216M, peak: 217M

vm_info: OpenJDK 64-Bit Server VM (21.0.10+7-LTS) for windows-amd64 JRE (21.0.10+7-LTS), built on 2026-01-20T00:00:00Z by "admin" with MS VC++ 17.12 (VS2022)

END.
